[debug] [2021-08-20T09:10:57.028Z] : 
[debug] [2021-08-20T09:10:57.029Z] : ----------------------------------------------------------------------
[debug] [2021-08-20T09:10:57.029Z] : Command:      C:\Program Files\nodejs\node.exe C:\Users\Thebo\AppData\Roaming\npm\node_modules\zcatalyst-cli\lib\bin\catalyst.js serve
[debug] [2021-08-20T09:10:57.029Z] : CLI Version:  1.7.1
[debug] [2021-08-20T09:10:57.029Z] : Platform:     win32
[debug] [2021-08-20T09:10:57.029Z] : Node Version: v15.14.0
[debug] [2021-08-20T09:10:57.030Z] : Time:         Fri Aug 20 2021 11:10:57 GMT+0200 (heure d’été d’Europe centrale)
[debug] [2021-08-20T09:10:57.030Z] : ----------------------------------------------------------------------
[debug] [2021-08-20T09:10:57.030Z] : 
[debug] [2021-08-20T09:10:57.460Z] : > authorizing via signed-in user option
[debug] [2021-08-20T09:10:57.460Z] : > command requires scopes: ["ZohoCatalyst.projects.ALL","ZohoCatalyst.functions.ALL","ZohoCatalyst.functions.EXECUTE","ZohoCatalyst.webapp.ALL"]
[debug] [2021-08-20T09:10:57.470Z] : >>>> HTTP REQUEST : GET https://api.catalyst.zoho.eu/baas/v1/project/128000000004001 

[debug] [2021-08-20T09:10:57.580Z] : <<<< HTTP RESPONSE : 200
Response Headers: {"server":"ZGS","date":"Fri, 20 Aug 2021 09:10:57 GMT","content-type":"application/json;charset=UTF-8","transfer-encoding":"chunked","connection":"close","set-cookie":["df2a6cada2=d94ad720f9140fe3c810ea1ece1c5bb8; Path=/","ZD_CSRF_TOKEN=1b3dd7c6-7ca6-4b74-bc83-248bc30529eb;path=/;SameSite=None;Secure;priority=high","_zcsr_tmp=1b3dd7c6-7ca6-4b74-bc83-248bc30529eb;path=/;SameSite=Strict;Secure;priority=high"],"x-content-type-options":"nosniff","x-xss-protection":"1","pragma":"no-cache","cache-control":"no-cache","expires":"Thu, 01 Jan 1970 00:00:00 GMT","x-frame-options":"DENY","vary":"accept-encoding","strict-transport-security":"max-age=63072000"}

[debug] [2021-08-20T09:10:57.582Z] : >>>> HTTP REQUEST : GET https://api.catalyst.zoho.eu/baas/v1/project/128000000004001/environment 

[debug] [2021-08-20T09:10:57.662Z] : <<<< HTTP RESPONSE : 200
Response Headers: {"server":"ZGS","date":"Fri, 20 Aug 2021 09:10:57 GMT","content-type":"application/json;charset=UTF-8","transfer-encoding":"chunked","connection":"close","set-cookie":["df2a6cada2=77fbe5c8eb27a21dc41a24616006de87; Path=/","ZD_CSRF_TOKEN=42880636-dfe1-4456-97be-a91489362d90;path=/;SameSite=None;Secure;priority=high","_zcsr_tmp=42880636-dfe1-4456-97be-a91489362d90;path=/;SameSite=Strict;Secure;priority=high"],"x-content-type-options":"nosniff","x-xss-protection":"1","pragma":"no-cache","cache-control":"no-cache","expires":"Thu, 01 Jan 1970 00:00:00 GMT","x-frame-options":"DENY","vary":"accept-encoding","strict-transport-security":"max-age=63072000"}

[debug] [2021-08-20T09:10:57.783Z] : >>>> HTTP REQUEST : GET https://api.catalyst.zoho.eu/baas/v1/project/128000000004001/function 
Query params: {"type":"basicio,event,cron,applogic,integration"}

[debug] [2021-08-20T09:10:57.868Z] : <<<< HTTP RESPONSE : 200
Response Headers: {"server":"ZGS","date":"Fri, 20 Aug 2021 09:10:57 GMT","content-type":"application/json;charset=UTF-8","transfer-encoding":"chunked","connection":"close","set-cookie":["df2a6cada2=d94ad720f9140fe3c810ea1ece1c5bb8; Path=/","ZD_CSRF_TOKEN=f351ea74-7b28-4ead-8e49-3db77b81bd56;path=/;SameSite=None;Secure;priority=high","_zcsr_tmp=f351ea74-7b28-4ead-8e49-3db77b81bd56;path=/;SameSite=Strict;Secure;priority=high"],"x-content-type-options":"nosniff","x-xss-protection":"1","pragma":"no-cache","cache-control":"no-cache","expires":"Thu, 01 Jan 1970 00:00:00 GMT","x-frame-options":"DENY","vary":"accept-encoding","strict-transport-security":"max-age=63072000"}

[debug] [2021-08-20T09:10:57.877Z] : Source config not supported for client
[info] [2021-08-20T09:10:57.894Z] : ℹ server[crm_crud]: URL : http://localhost:3000/server/crm_crud/
[info] [2021-08-20T09:10:57.894Z] : 
[info] [2021-08-20T09:10:57.909Z] : ℹ client[ZUP]: URL : http://localhost:3000/app/
[info] [2021-08-20T09:10:57.909Z] : 
